<?xml version="1.0" encoding="UTF-8"?>
<testng-results ignored="0" total="6" passed="3" failed="3" skipped="0">
  <reporter-output>
  </reporter-output>
  <suite started-at="2025-07-24T15:59:34 IST" name="Sprint2_UIAutomation_Suite" finished-at="2025-07-24T16:01:05 IST" duration-ms="90844">
    <groups>
      <group name="cucumber">
        <method signature="AbstractTestNGCucumberTests.runScenario(io.cucumber.testng.PickleWrapper,io.cucumber.testng.FeatureWrapper)[pri:0, instance:runner.CucumberTestRunner@7920ba90]" name="runScenario" class="io.cucumber.testng.AbstractTestNGCucumberTests"/>
      </group> <!-- cucumber -->
    </groups>
    <test started-at="2025-07-24T15:59:34 IST" name="Cucumber Runner Execution" finished-at="2025-07-24T16:01:05 IST" duration-ms="90844">
      <class name="runner.CucumberTestRunner">
        <test-method is-config="true" signature="setUpClass(org.testng.ITestContext)[pri:0, instance:runner.CucumberTestRunner@7920ba90]" started-at="2025-07-24T15:59:35 IST" name="setUpClass" finished-at="2025-07-24T15:59:36 IST" duration-ms="1396" status="PASS">
          <params>
            <param index="0">
              <value>
                <![CDATA[org.testng.TestRunner@36665c11]]>
              </value>
            </param>
          </params>
          <reporter-output>
          </reporter-output>
        </test-method> <!-- setUpClass -->
        <test-method signature="runScenario(io.cucumber.testng.PickleWrapper,io.cucumber.testng.FeatureWrapper)[pri:0, instance:runner.CucumberTestRunner@7920ba90]" started-at="2025-07-24T15:59:36 IST" name="runScenario" description="Runs Cucumber Scenarios" data-provider="scenarios" finished-at="2025-07-24T15:59:53 IST" duration-ms="16494" status="PASS">
          <params>
            <param index="0">
              <value>
                <![CDATA["submit Booking form with all fields blank"]]>
              </value>
            </param>
            <param index="1">
              <value>
                <![CDATA["Booking Functionality"]]>
              </value>
            </param>
          </params>
          <reporter-output>
          </reporter-output>
        </test-method> <!-- runScenario -->
        <test-method signature="runScenario(io.cucumber.testng.PickleWrapper,io.cucumber.testng.FeatureWrapper)[pri:0, instance:runner.CucumberTestRunner@7920ba90]" started-at="2025-07-24T15:59:53 IST" name="runScenario" description="Runs Cucumber Scenarios" data-provider="scenarios" finished-at="2025-07-24T16:00:11 IST" duration-ms="18336" status="FAIL">
          <params>
            <param index="0">
              <value>
                <![CDATA["Enter invalid email in Email ID field"]]>
              </value>
            </param>
            <param index="1">
              <value>
                <![CDATA["Booking Functionality"]]>
              </value>
            </param>
          </params>
          <exception class="java.lang.AssertionError">
            <message>
              <![CDATA[Expected error message for invalid email in bookingPage, but none was displayed.]]>
            </message>
            <full-stacktrace>
              <![CDATA[java.lang.AssertionError: Expected error message for invalid email in bookingPage, but none was displayed.
at org.testng.Assert.fail(Assert.java:111)
at stepdefinitions.BookingSteps.should_display_invalid_email_error_message(BookingSteps.java:124)
at ✽.should display invalid email error message(file:///C:/Users/DELL/eclipse-workspace/EventManagementAutomation/src/main/resources/features/Booking.feature:17)
]]>
            </full-stacktrace>
          </exception> <!-- java.lang.AssertionError -->
          <reporter-output>
          </reporter-output>
        </test-method> <!-- runScenario -->
        <test-method signature="runScenario(io.cucumber.testng.PickleWrapper,io.cucumber.testng.FeatureWrapper)[pri:0, instance:runner.CucumberTestRunner@7920ba90]" started-at="2025-07-24T16:00:11 IST" name="runScenario" description="Runs Cucumber Scenarios" data-provider="scenarios" finished-at="2025-07-24T16:00:27 IST" duration-ms="15727" status="FAIL">
          <params>
            <param index="0">
              <value>
                <![CDATA["Enter non numeric phone number"]]>
              </value>
            </param>
            <param index="1">
              <value>
                <![CDATA["Booking Functionality"]]>
              </value>
            </param>
          </params>
          <exception class="java.lang.AssertionError">
            <message>
              <![CDATA[Expected error message for non-numeric phone no, but none was displayed.]]>
            </message>
            <full-stacktrace>
              <![CDATA[java.lang.AssertionError: Expected error message for non-numeric phone no, but none was displayed.
at org.testng.Assert.fail(Assert.java:111)
at stepdefinitions.BookingSteps.should_display_invalid_phoneno_error_message(BookingSteps.java:159)
at ✽.should display invalid phoneno error message(file:///C:/Users/DELL/eclipse-workspace/EventManagementAutomation/src/main/resources/features/Booking.feature:22)
]]>
            </full-stacktrace>
          </exception> <!-- java.lang.AssertionError -->
          <reporter-output>
          </reporter-output>
        </test-method> <!-- runScenario -->
        <test-method signature="runScenario(io.cucumber.testng.PickleWrapper,io.cucumber.testng.FeatureWrapper)[pri:0, instance:runner.CucumberTestRunner@7920ba90]" started-at="2025-07-24T16:00:27 IST" name="runScenario" description="Runs Cucumber Scenarios" data-provider="scenarios" finished-at="2025-07-24T16:00:39 IST" duration-ms="12176" status="PASS">
          <params>
            <param index="0">
              <value>
                <![CDATA["Submit valid booking details"]]>
              </value>
            </param>
            <param index="1">
              <value>
                <![CDATA["Booking Functionality"]]>
              </value>
            </param>
          </params>
          <reporter-output>
          </reporter-output>
        </test-method> <!-- runScenario -->
        <test-method signature="runScenario(io.cucumber.testng.PickleWrapper,io.cucumber.testng.FeatureWrapper)[pri:0, instance:runner.CucumberTestRunner@7920ba90]" started-at="2025-07-24T16:00:39 IST" name="runScenario" description="Runs Cucumber Scenarios" data-provider="scenarios" finished-at="2025-07-24T16:00:51 IST" duration-ms="11765" status="FAIL">
          <params>
            <param index="0">
              <value>
                <![CDATA["Enter invalid email in Contact Us form"]]>
              </value>
            </param>
            <param index="1">
              <value>
                <![CDATA["Contact Us Functionality"]]>
              </value>
            </param>
          </params>
          <exception class="java.lang.AssertionError">
            <message>
              <![CDATA[Expected error message for invalid email in contactUs, but none was displayed.]]>
            </message>
            <full-stacktrace>
              <![CDATA[java.lang.AssertionError: Expected error message for invalid email in contactUs, but none was displayed.
at org.testng.Assert.fail(Assert.java:111)
at stepdefinitions.ContactUsSteps.it_should_display_invalid_email_error_message(ContactUsSteps.java:79)
at ✽.it should display invalid email error message(file:///C:/Users/DELL/eclipse-workspace/EventManagementAutomation/src/main/resources/features/ContactUs.feature:12)
]]>
            </full-stacktrace>
          </exception> <!-- java.lang.AssertionError -->
          <reporter-output>
          </reporter-output>
        </test-method> <!-- runScenario -->
        <test-method signature="runScenario(io.cucumber.testng.PickleWrapper,io.cucumber.testng.FeatureWrapper)[pri:0, instance:runner.CucumberTestRunner@7920ba90]" started-at="2025-07-24T16:00:51 IST" name="runScenario" description="Runs Cucumber Scenarios" data-provider="scenarios" finished-at="2025-07-24T16:01:05 IST" duration-ms="13996" status="PASS">
          <params>
            <param index="0">
              <value>
                <![CDATA["Submit valid Contact Us form"]]>
              </value>
            </param>
            <param index="1">
              <value>
                <![CDATA["Contact Us Functionality"]]>
              </value>
            </param>
          </params>
          <reporter-output>
          </reporter-output>
        </test-method> <!-- runScenario -->
        <test-method is-config="true" signature="tearDownClass()[pri:0, instance:runner.CucumberTestRunner@7920ba90]" started-at="2025-07-24T16:01:05 IST" name="tearDownClass" finished-at="2025-07-24T16:01:05 IST" duration-ms="231" status="PASS">
          <reporter-output>
          </reporter-output>
        </test-method> <!-- tearDownClass -->
      </class> <!-- runner.CucumberTestRunner -->
    </test> <!-- Cucumber Runner Execution -->
  </suite> <!-- Sprint2_UIAutomation_Suite -->
</testng-results>
