<html>
<head>
<title>TestNG:  Cucumber Runner Execution</title>
<link href="../testng.css" rel="stylesheet" type="text/css" />
<link href="../my-testng.css" rel="stylesheet" type="text/css" />

<style type="text/css">
.log { display: none;} 
.stack-trace { display: none;} 
</style>
<script type="text/javascript">
<!--
function flip(e) {
  current = e.style.display;
  if (current == 'block') {
    e.style.display = 'none';
    return 0;
  }
  else {
    e.style.display = 'block';
    return 1;
  }
}

function toggleBox(szDivId, elem, msg1, msg2)
{
  var res = -1;  if (document.getElementById) {
    res = flip(document.getElementById(szDivId));
  }
  else if (document.all) {
    // this is the way old msie versions work
    res = flip(document.all[szDivId]);
  }
  if(elem) {
    if(res == 0) elem.innerHTML = msg1; else elem.innerHTML = msg2;
  }

}

function toggleAllBoxes() {
  if (document.getElementsByTagName) {
    d = document.getElementsByTagName('div');
    for (i = 0; i < d.length; i++) {
      if (d[i].className == 'log') {
        flip(d[i]);
      }
    }
  }
}

// -->
</script>

</head>
<body>
<h2 align='center'>Cucumber Runner Execution</h2><table border='1' align="center">
<tr>
<td>Tests passed/Failed/Skipped:</td><td>3/3/0</td>
</tr><tr>
<td>Started on:</td><td>Thu Jul 24 15:59:34 IST 2025</td>
</tr>
<tr><td>Total time:</td><td>90 seconds (90844 ms)</td>
</tr><tr>
<td>Included groups:</td><td></td>
</tr><tr>
<td>Excluded groups:</td><td></td>
</tr>
</table><p/>
<small><i>(Hover the method name to see the test class name)</i></small><p/>
<table width='100%' border='1' class='invocation-failed'>
<tr><td colspan='4' align='center'><b>FAILED TESTS</b></td></tr>
<tr><td><b>Test method</b></td>
<td><b>Attribute(s)</b></td>
<td width="30%"><b>Exception</b></td>
<td width="10%"><b>Time (seconds)</b></td>
<td><b>Instance</b></td>
</tr>
<tr>
<td title='runner.CucumberTestRunner.runScenario()'><b>runScenario</b><br>Test class: runner.CucumberTestRunner<br>Test method: Runs Cucumber Scenarios<br>Parameters: "Enter non numeric phone number", "Booking Functionality"</td>
<td><div><pre>java.lang.AssertionError: Expected error message for non-numeric phone no, but none was displayed.
	at stepdefinitions.BookingSteps.should_display_invalid_phoneno_error_message(BookingSteps.java:159)
	at ✽.should display invalid phoneno error message(file:///C:/Users/DELL/eclipse-workspace/EventManagementAutomation/src/main/resources/features/Booking.feature:22)
... Removed 1 stack frames</pre></div><a href='#' onClick='toggleBox("stack-trace1277490082", this, "Click to show all stack frames", "Click to hide stack frames")'>Click to show all stack frames</a>
<div class='stack-trace' id='stack-trace1277490082'><pre>java.lang.AssertionError: Expected error message for non-numeric phone no, but none was displayed.
	at org.testng.Assert.fail(Assert.java:111)
	at stepdefinitions.BookingSteps.should_display_invalid_phoneno_error_message(BookingSteps.java:159)
	at ✽.should display invalid phoneno error message(file:///C:/Users/DELL/eclipse-workspace/EventManagementAutomation/src/main/resources/features/Booking.feature:22)
</pre></div></td>
<td>15</td>
<td>runner.CucumberTestRunner@7920ba90</td></tr>
<tr>
<td title='runner.CucumberTestRunner.runScenario()'><b>runScenario</b><br>Test class: runner.CucumberTestRunner<br>Test method: Runs Cucumber Scenarios<br>Parameters: "Enter invalid email in Contact Us form", "Contact Us Functionality"</td>
<td><div><pre>java.lang.AssertionError: Expected error message for invalid email in contactUs, but none was displayed.
	at stepdefinitions.ContactUsSteps.it_should_display_invalid_email_error_message(ContactUsSteps.java:79)
	at ✽.it should display invalid email error message(file:///C:/Users/DELL/eclipse-workspace/EventManagementAutomation/src/main/resources/features/ContactUs.feature:12)
... Removed 1 stack frames</pre></div><a href='#' onClick='toggleBox("stack-trace1218734863", this, "Click to show all stack frames", "Click to hide stack frames")'>Click to show all stack frames</a>
<div class='stack-trace' id='stack-trace1218734863'><pre>java.lang.AssertionError: Expected error message for invalid email in contactUs, but none was displayed.
	at org.testng.Assert.fail(Assert.java:111)
	at stepdefinitions.ContactUsSteps.it_should_display_invalid_email_error_message(ContactUsSteps.java:79)
	at ✽.it should display invalid email error message(file:///C:/Users/DELL/eclipse-workspace/EventManagementAutomation/src/main/resources/features/ContactUs.feature:12)
</pre></div></td>
<td>11</td>
<td>runner.CucumberTestRunner@7920ba90</td></tr>
<tr>
<td title='runner.CucumberTestRunner.runScenario()'><b>runScenario</b><br>Test class: runner.CucumberTestRunner<br>Test method: Runs Cucumber Scenarios<br>Parameters: "Enter invalid email in Email ID field", "Booking Functionality"</td>
<td><div><pre>java.lang.AssertionError: Expected error message for invalid email in bookingPage, but none was displayed.
	at stepdefinitions.BookingSteps.should_display_invalid_email_error_message(BookingSteps.java:124)
	at ✽.should display invalid email error message(file:///C:/Users/DELL/eclipse-workspace/EventManagementAutomation/src/main/resources/features/Booking.feature:17)
... Removed 1 stack frames</pre></div><a href='#' onClick='toggleBox("stack-trace40829249", this, "Click to show all stack frames", "Click to hide stack frames")'>Click to show all stack frames</a>
<div class='stack-trace' id='stack-trace40829249'><pre>java.lang.AssertionError: Expected error message for invalid email in bookingPage, but none was displayed.
	at org.testng.Assert.fail(Assert.java:111)
	at stepdefinitions.BookingSteps.should_display_invalid_email_error_message(BookingSteps.java:124)
	at ✽.should display invalid email error message(file:///C:/Users/DELL/eclipse-workspace/EventManagementAutomation/src/main/resources/features/Booking.feature:17)
</pre></div></td>
<td>18</td>
<td>runner.CucumberTestRunner@7920ba90</td></tr>
</table><p>
<table width='100%' border='1' class='invocation-passed'>
<tr><td colspan='4' align='center'><b>PASSED TESTS</b></td></tr>
<tr><td><b>Test method</b></td>
<td><b>Attribute(s)</b></td>
<td width="30%"><b>Exception</b></td>
<td width="10%"><b>Time (seconds)</b></td>
<td><b>Instance</b></td>
</tr>
<tr>
<td title='runner.CucumberTestRunner.runScenario()'><b>runScenario</b><br>Test class: runner.CucumberTestRunner<br>Test method: Runs Cucumber Scenarios<br>Parameters: "Submit valid Contact Us form", "Contact Us Functionality"</td>
<td></td>
<td>13</td>
<td>runner.CucumberTestRunner@7920ba90</td></tr>
<tr>
<td title='runner.CucumberTestRunner.runScenario()'><b>runScenario</b><br>Test class: runner.CucumberTestRunner<br>Test method: Runs Cucumber Scenarios<br>Parameters: "Submit valid booking details", "Booking Functionality"</td>
<td></td>
<td>12</td>
<td>runner.CucumberTestRunner@7920ba90</td></tr>
<tr>
<td title='runner.CucumberTestRunner.runScenario()'><b>runScenario</b><br>Test class: runner.CucumberTestRunner<br>Test method: Runs Cucumber Scenarios<br>Parameters: "submit Booking form with all fields blank", "Booking Functionality"</td>
<td></td>
<td>16</td>
<td>runner.CucumberTestRunner@7920ba90</td></tr>
</table><p>
</body>
</html>