<?xml version="1.0" encoding="UTF-8"?>
<!-- Generated by org.testng.reporters.JUnitXMLReporter -->
<testsuite ignored="0" hostname="DESKTOP-I6VULTJ" failures="3" tests="6" name="Cucumber Runner Execution" time="90.844" errors="0" timestamp="2025-07-24T16:01:06 IST">
  <testcase classname="io.cucumber.testng.AbstractTestNGCucumberTests" name="runScenario" time="16.494"/>
  <testcase classname="io.cucumber.testng.AbstractTestNGCucumberTests" name="runScenario" time="18.336">
    <failure type="java.lang.AssertionError" message="Expected error message for invalid email in bookingPage, but none was displayed.">
      <![CDATA[java.lang.AssertionError: Expected error message for invalid email in bookingPage, but none was displayed.
at stepdefinitions.BookingSteps.should_display_invalid_email_error_message(BookingSteps.java:124)
at ✽.should display invalid email error message(file:///C:/Users/DELL/eclipse-workspace/EventManagementAutomation/src/main/resources/features/Booking.feature:17)
... Removed 1 stack frames]]>
    </failure>
  </testcase> <!-- runScenario -->
  <testcase classname="io.cucumber.testng.AbstractTestNGCucumberTests" name="runScenario" time="15.727">
    <failure type="java.lang.AssertionError" message="Expected error message for non-numeric phone no, but none was displayed.">
      <![CDATA[java.lang.AssertionError: Expected error message for non-numeric phone no, but none was displayed.
at stepdefinitions.BookingSteps.should_display_invalid_phoneno_error_message(BookingSteps.java:159)
at ✽.should display invalid phoneno error message(file:///C:/Users/DELL/eclipse-workspace/EventManagementAutomation/src/main/resources/features/Booking.feature:22)
... Removed 1 stack frames]]>
    </failure>
  </testcase> <!-- runScenario -->
  <testcase classname="io.cucumber.testng.AbstractTestNGCucumberTests" name="runScenario" time="12.176"/>
  <testcase classname="io.cucumber.testng.AbstractTestNGCucumberTests" name="runScenario" time="11.765">
    <failure type="java.lang.AssertionError" message="Expected error message for invalid email in contactUs, but none was displayed.">
      <![CDATA[java.lang.AssertionError: Expected error message for invalid email in contactUs, but none was displayed.
at stepdefinitions.ContactUsSteps.it_should_display_invalid_email_error_message(ContactUsSteps.java:79)
at ✽.it should display invalid email error message(file:///C:/Users/DELL/eclipse-workspace/EventManagementAutomation/src/main/resources/features/ContactUs.feature:12)
... Removed 1 stack frames]]>
    </failure>
  </testcase> <!-- runScenario -->
  <testcase classname="io.cucumber.testng.AbstractTestNGCucumberTests" name="runScenario" time="13.996"/>
</testsuite> <!-- Cucumber Runner Execution -->
