<?xml version="1.0" encoding="UTF-8"?>
<!-- Generated by org.testng.reporters.JUnitReportReporter -->
<testsuite hostname="DESKTOP-I6VULTJ" failures="3" tests="6" name="runner.CucumberTestRunner" time="22.522" errors="0" timestamp="2025-07-30T18:37:20 IST" skipped="0">
  <testcase classname="runner.CucumberTestRunner" name="runScenario" time="0.640"/>
  <testcase classname="runner.CucumberTestRunner" name="runScenario" time="1.772">
    <failure message="Expected error message for invalid email in bookingPage, but none was displayed. expected [false] but found [true]" type="java.lang.AssertionError">
      <![CDATA[java.lang.AssertionError: Expected error message for invalid email in bookingPage, but none was displayed. expected [false] but found [true]
at org.testng.Assert.fail(Assert.java:111)
at org.testng.Assert.failNotEquals(Assert.java:1578)
at org.testng.Assert.assertFalse(Assert.java:79)
at stepdefinitions.BookingSteps.should_display_invalid_email_error_message(BookingSteps.java:125)
at ✽.should display invalid email error message(file:///C:/Users/DELL/eclipse-workspace/EventManagementAutomation/src/test/resources/features/Booking.feature:17)
]]>
    </failure>
  </testcase> <!-- runScenario -->
  <testcase classname="runner.CucumberTestRunner" name="runScenario" time="16.336"/>
  <testcase classname="runner.CucumberTestRunner" name="runScenario" time="1.427">
    <failure message="Expected error message for non-numeric phone no, but none was displayed. expected [false] but found [true]" type="java.lang.AssertionError">
      <![CDATA[java.lang.AssertionError: Expected error message for non-numeric phone no, but none was displayed. expected [false] but found [true]
at org.testng.Assert.fail(Assert.java:111)
at org.testng.Assert.failNotEquals(Assert.java:1578)
at org.testng.Assert.assertFalse(Assert.java:79)
at stepdefinitions.BookingSteps.should_display_invalid_phoneno_error_message(BookingSteps.java:159)
at ✽.should display invalid phoneno error message(file:///C:/Users/DELL/eclipse-workspace/EventManagementAutomation/src/test/resources/features/Booking.feature:22)
]]>
    </failure>
  </testcase> <!-- runScenario -->
  <testcase classname="runner.CucumberTestRunner" name="runScenario" time="0.732">
    <failure message="Expected error message for invalid email in contactUs, but none was displayed. expected [false] but found [true]" type="java.lang.AssertionError">
      <![CDATA[java.lang.AssertionError: Expected error message for invalid email in contactUs, but none was displayed. expected [false] but found [true]
at org.testng.Assert.fail(Assert.java:111)
at org.testng.Assert.failNotEquals(Assert.java:1578)
at org.testng.Assert.assertFalse(Assert.java:79)
at stepdefinitions.ContactUsSteps.it_should_display_invalid_email_error_message(ContactUsSteps.java:77)
at ✽.it should display invalid email error message(file:///C:/Users/DELL/eclipse-workspace/EventManagementAutomation/src/test/resources/features/ContactUs.feature:12)
]]>
    </failure>
  </testcase> <!-- runScenario -->
  <testcase classname="runner.CucumberTestRunner" name="runScenario" time="1.615"/>
</testsuite> <!-- runner.CucumberTestRunner -->
